<?xml version="1.0" encoding="UTF-8"?>
<testsuite name="FoodChainTest" tests="10" skipped="0" failures="0" errors="0" timestamp="2023-05-07T12:49:38" hostname="WIN-IU9NNVEE25L" time="0.012">
  <properties/>
  <testcase name="spider" classname="FoodChainTest" time="0.007"/>
  <testcase name="wholeSong" classname="FoodChainTest" time="0.001"/>
  <testcase name="cat" classname="FoodChainTest" time="0.0"/>
  <testcase name="cow" classname="FoodChainTest" time="0.0"/>
  <testcase name="dog" classname="FoodChainTest" time="0.001"/>
  <testcase name="fly" classname="FoodChainTest" time="0.0"/>
  <testcase name="bird" classname="FoodChainTest" time="0.0"/>
  <testcase name="goat" classname="FoodChainTest" time="0.0"/>
  <testcase name="horse" classname="FoodChainTest" time="0.001"/>
  <testcase name="multipleVerses" classname="FoodChainTest" time="0.0"/>
  <system-out><![CDATA[]]></system-out>
  <system-err><![CDATA[]]></system-err>
</testsuite>
