<?xml version="1.0" encoding="UTF-8"?>
<testsuite name="RunLengthEncodingTest" tests="13" skipped="0" failures="0" errors="0" timestamp="2023-05-25T12:19:07" hostname="pop-os" time="0.006">
  <properties/>
  <testcase name="decodeWithOnlySingleValues" classname="RunLengthEncodingTest" time="0.002"/>
  <testcase name="decodeWithMixedValues" classname="RunLengthEncodingTest" time="0.0"/>
  <testcase name="decodeWithLowercaseValues" classname="RunLengthEncodingTest" time="0.0"/>
  <testcase name="encodeThenDecode" classname="RunLengthEncodingTest" time="0.0"/>
  <testcase name="encodeWithNoSingleValues" classname="RunLengthEncodingTest" time="0.0"/>
  <testcase name="encodeWithMixedValues" classname="RunLengthEncodingTest" time="0.0"/>
  <testcase name="encodeWithLowercaseValues" classname="RunLengthEncodingTest" time="0.0"/>
  <testcase name="encodeWithWhitespaceValues" classname="RunLengthEncodingTest" time="0.001"/>
  <testcase name="decodeWithNoSingleValues" classname="RunLengthEncodingTest" time="0.0"/>
  <testcase name="decodeEmpty" classname="RunLengthEncodingTest" time="0.0"/>
  <testcase name="encodeWithOnlySingleValues" classname="RunLengthEncodingTest" time="0.001"/>
  <testcase name="decodeWithWhitespaceValues" classname="RunLengthEncodingTest" time="0.0"/>
  <testcase name="encodeEmpty" classname="RunLengthEncodingTest" time="0.0"/>
  <system-out><![CDATA[]]></system-out>
  <system-err><![CDATA[]]></system-err>
</testsuite>
