<?xml version="1.0" encoding="UTF-8"?>
<testsuite name="BeerSongTest" tests="8" skipped="0" failures="0" errors="0" timestamp="2023-05-07T12:33:42" hostname="WIN-IU9NNVEE25L" time="0.05">
  <properties/>
  <testcase name="singFirstTwoVerses" classname="BeerSongTest" time="0.046"/>
  <testcase name="singEntireSong" classname="BeerSongTest" time="0.002"/>
  <testcase name="singLastGenericVerse" classname="BeerSongTest" time="0.001"/>
  <testcase name="singLastThreeVerses" classname="BeerSongTest" time="0.0"/>
  <testcase name="singFirstVerse" classname="BeerSongTest" time="0.0"/>
  <testcase name="verseWithOneBottle" classname="BeerSongTest" time="0.001"/>
  <testcase name="verseWithTwoBottles" classname="BeerSongTest" time="0.0"/>
  <testcase name="verseWithZeroBottles" classname="BeerSongTest" time="0.0"/>
  <system-out><![CDATA[]]></system-out>
  <system-err><![CDATA[]]></system-err>
</testsuite>
