<?xml version="1.0" encoding="UTF-8"?>
<testsuite name="MarkdownTest" tests="13" skipped="0" failures="0" errors="0" timestamp="2023-06-28T11:37:20" hostname="pop-os" time="0.056">
  <properties/>
  <testcase name="normalTextAsAParagraph" classname="MarkdownTest" time="0.042"/>
  <testcase name="withH1HeaderLevel" classname="MarkdownTest" time="0.007"/>
  <testcase name="normalItalicsAndBoldText" classname="MarkdownTest" time="0.0"/>
  <testcase name="withH2HeaderLevel" classname="MarkdownTest" time="0.0"/>
  <testcase name="markdownSymbolsInTheParagraphTextShouldNotBeInterpreted" classname="MarkdownTest" time="0.0"/>
  <testcase name="withH6HeaderLevel" classname="MarkdownTest" time="0.0"/>
  <testcase name="unorderedLists" classname="MarkdownTest" time="0.0"/>
  <testcase name="aLittleBitOfEverything" classname="MarkdownTest" time="0.0"/>
  <testcase name="markdownSymbolsInTheListItemTextShouldNotBeInterpreted" classname="MarkdownTest" time="0.001"/>
  <testcase name="markdownSymbolsInTheHeaderShouldNotBeInterpreted" classname="MarkdownTest" time="0.0"/>
  <testcase name="markdownUnorderedListsCloseProperlyWithPrecedingAndFollowingLines" classname="MarkdownTest" time="0.0"/>
  <testcase name="boldText" classname="MarkdownTest" time="0.0"/>
  <testcase name="italics" classname="MarkdownTest" time="0.001"/>
  <system-out><![CDATA[]]></system-out>
  <system-err><![CDATA[]]></system-err>
</testsuite>
