<?xml version="1.0" encoding="UTF-8"?>
<testsuite name="LuhnValidatorTest" tests="19" skipped="0" failures="0" errors="0" timestamp="2023-05-08T10:44:41" hostname="WIN-IU9NNVEE25L" time="0.03">
  <properties/>
  <testcase name="testSimpleValidSINReversedRemainsValid" classname="LuhnValidatorTest" time="0.007"/>
  <testcase name="testValidNumberWithAnOddNumberOfSpaces" classname="LuhnValidatorTest" time="0.0"/>
  <testcase name="testValidCanadianSINValid" classname="LuhnValidatorTest" time="0.0"/>
  <testcase name="testMoreThanSingleZeroValid" classname="LuhnValidatorTest" time="0.0"/>
  <testcase name="testStringContainingSymbolsInvalidJavaTrackSpecific" classname="LuhnValidatorTest" time="0.0"/>
  <testcase name="testSimpleValidSINReversedBecomesInvalid" classname="LuhnValidatorTest" time="0.0"/>
  <testcase name="testSingleZeroIsInvalid" classname="LuhnValidatorTest" time="0.001"/>
  <testcase name="testInvalidCanadianSINInvalid" classname="LuhnValidatorTest" time="0.001"/>
  <testcase name="testStringContainingPunctuationInvalid" classname="LuhnValidatorTest" time="0.002"/>
  <testcase name="testUsingASCIIValueForNonDoubledNonDigitNotAllowed" classname="LuhnValidatorTest" time="0.002"/>
  <testcase name="testValidStringsWithANonDigitAtEndInvalid" classname="LuhnValidatorTest" time="0.003"/>
  <testcase name="testValidNumberWithAnEvenNumberOfDigits" classname="LuhnValidatorTest" time="0.001"/>
  <testcase name="testDigitNineConvertedToOutputNine" classname="LuhnValidatorTest" time="0.001"/>
  <testcase name="testSingleSpaceWithZeroInvalid" classname="LuhnValidatorTest" time="0.001"/>
  <testcase name="testSingleDigitStringInvalid" classname="LuhnValidatorTest" time="0.0"/>
  <testcase name="testStringContainingSymbolsInvalid" classname="LuhnValidatorTest" time="0.001"/>
  <testcase name="testInvalidCreditCardInvalid" classname="LuhnValidatorTest" time="0.001"/>
  <testcase name="testUsingASCIIValueForDoubledNonDigitNotAllowed" classname="LuhnValidatorTest" time="0.0"/>
  <testcase name="testInvalidLongNumberWithAnEvenRemainder" classname="LuhnValidatorTest" time="0.001"/>
  <system-out><![CDATA[]]></system-out>
  <system-err><![CDATA[]]></system-err>
</testsuite>
