<?xml version="1.0" encoding="UTF-8"?>
<testsuite name="FlattenerTest" tests="6" skipped="5" failures="0" errors="0" timestamp="2023-04-29T15:44:43" hostname="WIN-IU9NNVEE25L" time="0.003">
  <properties/>
  <testcase name="testSixLevelsOfNestingWithNulls" classname="FlattenerTest" time="0.0">
    <skipped/>
  </testcase>
  <testcase name="testASingleLevelOfNestingWithNoNulls" classname="FlattenerTest" time="0.0">
    <skipped/>
  </testcase>
  <testcase name="testFlatListIsPreserved" classname="FlattenerTest" time="0.003"/>
  <testcase name="testFiveLevelsOfNestingWithNoNulls" classname="FlattenerTest" time="0.0">
    <skipped/>
  </testcase>
  <testcase name="testNestedListsFullOfNullsOnly" classname="FlattenerTest" time="0.0">
    <skipped/>
  </testcase>
  <testcase name="testSixLevelsOfNestingWithNoNulls" classname="FlattenerTest" time="0.0">
    <skipped/>
  </testcase>
  <system-out><![CDATA[]]></system-out>
  <system-err><![CDATA[]]></system-err>
</testsuite>
