<?xml version="1.0" encoding="UTF-8"?>
<testsuite name="SumOfMultiplesTest" tests="16" skipped="0" failures="0" errors="0" timestamp="2023-05-22T08:48:30" hostname="pop-os" time="0.044">
  <properties/>
  <testcase name="testOneFactorIsAMultipleOfAnother" classname="SumOfMultiplesTest" time="0.006"/>
  <testcase name="testThreeFactors" classname="SumOfMultiplesTest" time="0.0"/>
  <testcase name="testMuchLargerFactors" classname="SumOfMultiplesTest" time="0.015"/>
  <testcase name="testNoMultiplesWithinLimit" classname="SumOfMultiplesTest" time="0.001"/>
  <testcase name="testSumOfMultiplesOfZeroIsZero" classname="SumOfMultiplesTest" time="0.0"/>
  <testcase name="testNoFactorsMeanAnEmptySum" classname="SumOfMultiplesTest" time="0.006"/>
  <testcase name="testMoreThanOneMultipleWithinLimit" classname="SumOfMultiplesTest" time="0.001"/>
  <testcase name="testFactorZeroDoesNotAffectTheSumOfMultiplesOfOtherFactors" classname="SumOfMultiplesTest" time="0.0"/>
  <testcase name="testAllNumbersAreMultiplesOf1" classname="SumOfMultiplesTest" time="0.001"/>
  <testcase name="testMoreThanOneFactorWithMultiplesWithinLimit" classname="SumOfMultiplesTest" time="0.0"/>
  <testcase name="testOneFactorHasMultiplesWithinLimit" classname="SumOfMultiplesTest" time="0.0"/>
  <testcase name="testAMuchLargerLimit" classname="SumOfMultiplesTest" time="0.002"/>
  <testcase name="testEachMultipleIsOnlyCountedOnce" classname="SumOfMultiplesTest" time="0.0"/>
  <testcase name="testSomePairsOfFactorsRelativelyPrimeAndSomeNot" classname="SumOfMultiplesTest" time="0.001"/>
  <testcase name="testFactorsNotRelativelyPrime" classname="SumOfMultiplesTest" time="0.0"/>
  <testcase name="testSolutionsUsingIncludeExcludeMustExtendToCardinalityGreater3" classname="SumOfMultiplesTest" time="0.01"/>
  <system-out><![CDATA[]]></system-out>
  <system-err><![CDATA[]]></system-err>
</testsuite>
