<?xml version="1.0" encoding="UTF-8"?>
<testsuite name="DoublyLinkedListTest" tests="5" skipped="4" failures="0" errors="0" timestamp="2023-04-29T15:47:41" hostname="WIN-IU9NNVEE25L" time="0.043">
  <properties/>
  <testcase name="testExample" classname="DoublyLinkedListTest" time="0.0">
    <skipped/>
  </testcase>
  <testcase name="testPushPop" classname="DoublyLinkedListTest" time="0.042"/>
  <testcase name="testPushShift" classname="DoublyLinkedListTest" time="0.0">
    <skipped/>
  </testcase>
  <testcase name="testUnshiftPop" classname="DoublyLinkedListTest" time="0.0">
    <skipped/>
  </testcase>
  <testcase name="testUnshiftShift" classname="DoublyLinkedListTest" time="0.0">
    <skipped/>
  </testcase>
  <system-out><![CDATA[]]></system-out>
  <system-err><![CDATA[]]></system-err>
</testsuite>
